<?xml version="1.0" encoding="UTF-8"?>
<testng-results ignored="0" total="1" passed="1" failed="0" skipped="0">
  <reporter-output>
  </reporter-output>
  <suite started-at="2020-06-02T21:05:20 IST" name="Default suite" finished-at="2020-06-02T21:06:07 IST" duration-ms="46716">
    <groups>
    </groups>
    <test started-at="2020-06-02T21:05:20 IST" name="Default test" finished-at="2020-06-02T21:06:07 IST" duration-ms="46716">
      <class name="com.testcases.CheckoutPageTC">
        <test-method is-config="true" signature="SetupEnv()[pri:0, instance:com.testcases.CheckoutPageTC@4f6ee6e4]" started-at="2020-06-02T21:05:20 IST" name="SetupEnv" finished-at="2020-06-02T21:05:49 IST" duration-ms="28870" status="PASS">
          <reporter-output>
          </reporter-output>
        </test-method> <!-- SetupEnv -->
        <test-method is-config="true" signature="setExtent()[pri:0, instance:com.testcases.CheckoutPageTC@4f6ee6e4]" started-at="2020-06-02T21:05:49 IST" name="setExtent" finished-at="2020-06-02T21:05:50 IST" duration-ms="264" status="PASS">
          <reporter-output>
          </reporter-output>
        </test-method> <!-- setExtent -->
        <test-method is-config="true" signature="obj()[pri:0, instance:com.testcases.CheckoutPageTC@4f6ee6e4]" started-at="2020-06-02T21:05:50 IST" name="obj" finished-at="2020-06-02T21:05:50 IST" duration-ms="166" status="PASS">
          <reporter-output>
          </reporter-output>
        </test-method> <!-- obj -->
        <test-method signature="CkeckTitleandNavtoCart()[pri:1, instance:com.testcases.CheckoutPageTC@4f6ee6e4]" started-at="2020-06-02T21:05:50 IST" name="CkeckTitleandNavtoCart" finished-at="2020-06-02T21:06:05 IST" duration-ms="14796" status="PASS">
          <reporter-output>
          </reporter-output>
        </test-method> <!-- CkeckTitleandNavtoCart -->
        <test-method is-config="true" signature="endReport()[pri:0, instance:com.testcases.CheckoutPageTC@4f6ee6e4]" started-at="2020-06-02T21:06:05 IST" name="endReport" finished-at="2020-06-02T21:06:07 IST" duration-ms="2482" status="PASS">
          <reporter-output>
          </reporter-output>
        </test-method> <!-- endReport -->
      </class> <!-- com.testcases.CheckoutPageTC -->
    </test> <!-- Default test -->
  </suite> <!-- Default suite -->
</testng-results>
